root - INFO - heure de démarrage de l'application : "16:59:14");
root - INFO - ~~~~~~~~~~~~~~~~~~~~~~~~~~~~~~~~~~~~~~~~~~~~~ Automate SATD ~~~~~~~~~~~~~~~~~~~~~~~~~~~~~~~~~~~~~~~~~~~~~~
root - INFO - ----------------------------------------------------------------------------------------------------------
root - INFO - heure de démarrage de l'application : "16:59:58");
root - INFO - ~~~~~~~~~~~~~~~~~~~~~~~~~~~~~~~~~~~~~~~~~~~~~ Automate SATD ~~~~~~~~~~~~~~~~~~~~~~~~~~~~~~~~~~~~~~~~~~~~~~
root - INFO - ----------------------------------------------------------------------------------------------------------
root - ERROR - Une exception est apparu
Traceback (most recent call last):
  File "C:\Users\meddb-jean-francoi01\Documents\application_gestion_flux_satd\application_gestion_des_flux_satd.py", line 466, in create_opposition
    WebDriverWait(wd, 60).until(EC.presence_of_element_located((By.ID, 'inputB33gmenuYa33Gch1ChoixCMAI')))
  File "C:\Users\meddb-jean-francoi01\AppData\Roaming\Python\Python310\site-packages\selenium\webdriver\support\wait.py", line 86, in until
    value = method(self._driver)
  File "C:\Users\meddb-jean-francoi01\AppData\Roaming\Python\Python310\site-packages\selenium\webdriver\support\expected_conditions.py", line 69, in _predicate
    return driver.find_element(*locator)
  File "C:\Users\meddb-jean-francoi01\AppData\Roaming\Python\Python310\site-packages\selenium\webdriver\remote\webdriver.py", line 830, in find_element
    return self.execute(Command.FIND_ELEMENT, {"using": by, "value": value})["value"]
  File "C:\Users\meddb-jean-francoi01\AppData\Roaming\Python\Python310\site-packages\selenium\webdriver\remote\webdriver.py", line 440, in execute
    self.error_handler.check_response(response)
  File "C:\Users\meddb-jean-francoi01\AppData\Roaming\Python\Python310\site-packages\selenium\webdriver\remote\errorhandler.py", line 245, in check_response
    raise exception_class(message, screen, stacktrace)
selenium.common.exceptions.InvalidSessionIdException: Message: WebDriver session does not exist, or is not active
Stacktrace:
WebDriverError@chrome://remote/content/shared/webdriver/Errors.jsm:186:5
InvalidSessionIDError@chrome://remote/content/shared/webdriver/Errors.jsm:357:5
assert.that/<@chrome://remote/content/shared/webdriver/Assert.jsm:445:13
assert.session@chrome://remote/content/shared/webdriver/Assert.jsm:43:4
despatch@chrome://remote/content/marionette/server.js:303:14
execute@chrome://remote/content/marionette/server.js:279:16
onPacket/<@chrome://remote/content/marionette/server.js:252:20
onPacket@chrome://remote/content/marionette/server.js:253:9
_onJSONObjectReady/<@chrome://remote/content/marionette/transport.js:500:20

